{
  "0 debug pnpm:scope": {
    "selected": 1
  },
  "1 debug pnpm:package-manifest": {
    "initial": {
      "name": "in5anity.com",
      "version": "1.0.0",
      "description": "A personal blog",
      "main": "index.js",
      "scripts": {
        "test": "echo \"Error: no test specified\" && exit 1"
      },
      "repository": {
        "type": "git",
        "url": "git+https://github.com/in5anity/in5anity.com.git"
      },
      "author": "Maxim Skolkov <thatfoxin5ane<@>",
      "license": "ISC",
      "bugs": {
        "url": "https://github.com/in5anity/in5anity.com/issues"
      },
      "homepage": "https://github.com/in5anity/in5anity.com#readme"
    },
    "prefix": "D:\\Projects\\in5anity.com"
  },
  "2 debug pnpm:context": {
    "currentLockfileExists": false,
    "storeDir": "D:\\.pnpm-store\\v3",
    "virtualStoreDir": "D:\\Projects\\in5anity.com\\node_modules\\.pnpm"
  },
  "3 debug pnpm:stage": {
    "prefix": "D:\\Projects\\in5anity.com",
    "stage": "resolution_started"
  },
  "4 debug pnpm:update-check": {
    "currentVersion": "6.3.0",
    "latestVersion": "6.3.0"
  },
  "5 error pnpm": {
    "code": "ERR_PNPM_FETCH_404",
    "hint": "esbuil is not in the npm registry, or you have no permission to fetch it.\n\nNo authorization header was set for the request.",
    "request": {
      "url": "https://registry.npmjs.org/esbuil"
    },
    "response": {
      "size": 0,
      "timeout": 60000
    },
    "pkgName": "esbuil",
    "pkgsStack": [],
    "err": {
      "name": "Error",
      "message": "GET https://registry.npmjs.org/esbuil: Not Found - 404",
      "code": "ERR_PNPM_FETCH_404",
      "stack": "Error: GET https://registry.npmjs.org/esbuil: Not Found - 404\n    at RetryOperation._fn (C:\\Users\\Fox\\AppData\\Roaming\\npm\\pnpm-global\\5\\node_modules\\.pnpm\\pnpm@6.3.0\\node_modules\\pnpm\\dist\\pnpm.cjs:62235:16)\n    at processTicksAndRejections (internal/process/task_queues.js:97:5)"
    }
  }
}